#!/usr/bin/make -f

$(info DEB_BUILD_OPTIONS:$(origin DEB_BUILD_OPTIONS)=$(DEB_BUILD_OPTIONS))

ifneq (,$(filter parallel=%,$(DEB_BUILD_OPTIONS)))
	NUMJOBS = $(patsubst parallel=%,%,$(filter parallel=%,$(DEB_BUILD_OPTIONS)))
	test_makeflags = -j$(NUMJOBS)
endif

# Explicitly set builddir directory
builddir := obj-$(shell dpkg-architecture -qDEB_HOST_GNU_TYPE)

PYVER = $(shell pyversions -d)
PY3VER = $(shell py3versions -d)
PYALL = $(PYVER) $(PY3VER)

%:
	dh $@ --buildsystem=cmake --builddirectory=$(builddir) --with python2,python3 --with quilt --parallel

override_dh_auto_configure: $(PYALL:python%=cmake-configure-%) \

cmake-configure-%:
	dh_auto_configure -Bbuild-python$* -- \
            -DUSE_SPHINX=OFF \
            -DCMAKE_INSTALL_PREFIX:PATH=/usr \
            -DINSTALL_DESTDIR:PATH=$(CURDIR)/debian/python-otdistfunc \
            -DPYTHON_EXECUTABLE:FILEPATH=/usr/bin/python$* \

override_dh_auto_build: $(PYALL:python%=cmake-build-%)

cmake-build-%:
	$(MAKE) $(test_makeflags) -C build-python$*

override_dh_auto_install: $(PYALL:python%=cmake-install-%)

cmake-install-%:
	dh_auto_install -Bbuild-python$*
ifeq (,$(findstring nocheck,$(DEB_BUILD_OPTIONS)))
	# CTestTestfile.cmake sets LD_LIBRARY_PATH to find libraries in debian/tmp.
	# But it overrides current value, which breaks when run by fakeroot.
	[ -z "$$LD_LIBRARY_PATH" ] || sed -i -e "s#;LD_LIBRARY_PATH=[^;]*#&:$$LD_LIBRARY_PATH#" build-python$*/python/test/CTestTestfile.cmake
	CTEST_OUTPUT_ON_FAILURE=1 \
	  $(MAKE) $(test_makeflags) -C build-python$* test ARGS="$(test_makeflags) -R pyinstallcheck"
	find $(CURDIR)/debian/python-otdistfunc -name "*.pyc" -o -name "__pycache__" | xargs rm -rf
endif

override_dh_makeshlibs:
	dh_makeshlibs -Xpyshared

override_dh_python2:
	dh_python2 --no-guessing-versions

override_dh_compress:
	dh_compress -X.pdf -X.svn -X.py

override_dh_auto_test: $(PYALL:python%=cmake-test-%)

cmake-test-%:
	# 'make test' does not build binary tests
ifeq (,$(findstring nocheck,$(DEB_BUILD_OPTIONS)))
	$(MAKE) $(test_makeflags) -C build-python$* tests
	CTEST_OUTPUT_ON_FAILURE=1 $(MAKE) -C build-python$* test ARGS="$(test_makeflags) -R cppcheck"
endif

get-orig-source:
	uscan --force-download --verbose
	mv ../openturn*.tar.[gzbz2]* ../tarballs
